{"filter":false,"title":"TEST-bddfiap.RunCucumberTest.xml","tooltip":"/bddfiap/target/surefire-reports/TEST-bddfiap.RunCucumberTest.xml","undoManager":{"mark":-1,"position":-1,"stack":[]},"ace":{"folds":[],"scrolltop":1137,"scrollleft":0,"selection":{"start":{"row":104,"column":12},"end":{"row":104,"column":12},"isBackwards":false},"options":{"guessTabSize":true,"useWrapMode":false,"wrapToView":true},"firstLineState":0},"timestamp":1590710335666,"hash":"0513f52e4bfb1d96feeb2d2d84ab47c91751f798"}